<?xml version="1.0" encoding="UTF-8"?>
<testsuite name="jrails.HtmlTest" tests="2" skipped="0" failures="0" errors="0" timestamp="2024-11-21T00:21:33" hostname="Mishonas-MacBook-Air-2.local" time="0.113">
  <properties/>
  <testcase name="empty" classname="jrails.HtmlTest" time="0.077"/>
  <testcase name="hello" classname="jrails.HtmlTest" time="0.023"/>
  <system-out><![CDATA[]]></system-out>
  <system-err><![CDATA[]]></system-err>
</testsuite>
