<?xml version="1.0" encoding="UTF-8"?>
<testsuite name="jrails.JRouterTest" tests="2" skipped="0" failures="0" errors="0" timestamp="2024-11-21T00:21:33" hostname="Mishonas-MacBook-Air-2.local" time="0.033">
  <properties/>
  <testcase name="addRoute" classname="jrails.JRouterTest" time="0.025"/>
  <testcase name="addTwoRoutes" classname="jrails.JRouterTest" time="0.008"/>
  <system-out><![CDATA[]]></system-out>
  <system-err><![CDATA[]]></system-err>
</testsuite>
