<?xml version="1.0" encoding="UTF-8"?>
<testsuite name="jrails.ModelTest" tests="2" skipped="0" failures="0" errors="0" timestamp="2024-11-21T00:21:33" hostname="Mishonas-MacBook-Air-2.local" time="0.005">
  <properties/>
  <testcase name="testAll" classname="jrails.ModelTest" time="0.003"/>
  <testcase name="id" classname="jrails.ModelTest" time="0.002"/>
  <system-out><![CDATA[]]></system-out>
  <system-err><![CDATA[]]></system-err>
</testsuite>
